{"recorder_version":"75","session":"25052105-58e0b56eb975","build":"233.11799.241","bucket":"250","time":1747806112516,"group":{"id":"run.target.events","version":"2"},"event":{"count":1,"data":{"created":1747806112527,"system_event_id":467},"id":"registered"}}
{"recorder_version":"75","session":"25052105-58e0b56eb975","build":"233.11799.241","bucket":"250","time":1747806112516,"group":{"id":"inlay.action.handler","version":"1"},"event":{"count":1,"data":{"created":1747806112528,"system_event_id":468},"id":"registered"}}
{"recorder_version":"75","session":"25052105-58e0b56eb975","build":"233.11799.241","bucket":"250","time":1747806112516,"group":{"id":"code.floating.toolbar","version":"2"},"event":{"count":1,"data":{"created":1747806112528,"system_event_id":469},"id":"registered"}}
{"recorder_version":"75","session":"25052105-58e0b56eb975","build":"233.11799.241","bucket":"250","time":1747806112516,"group":{"id":"indexing.statistics","version":"11"},"event":{"count":1,"data":{"created":1747806112528,"system_event_id":470},"id":"registered"}}
{"recorder_version":"75","session":"25052105-58e0b56eb975","build":"233.11799.241","bucket":"250","time":1747806112516,"group":{"id":"documentation","version":"1"},"event":{"count":1,"data":{"created":1747806112528,"system_event_id":471},"id":"registered"}}
{"recorder_version":"75","session":"25052105-58e0b56eb975","build":"233.11799.241","bucket":"250","time":1747806112516,"group":{"id":"feedback.in.ide.notification","version":"6"},"event":{"count":1,"data":{"created":1747806112528,"system_event_id":472},"id":"registered"}}
{"recorder_version":"75","session":"25052105-58e0b56eb975","build":"233.11799.241","bucket":"250","time":1747806112516,"group":{"id":"evaluation.feedback","version":"2"},"event":{"count":1,"data":{"created":1747806112529,"system_event_id":473},"id":"registered"}}
{"recorder_version":"75","session":"25052105-58e0b56eb975","build":"233.11799.241","bucket":"250","time":1747806112516,"group":{"id":"ui.tips","version":"13"},"event":{"count":1,"data":{"created":1747806112529,"system_event_id":474},"id":"registered"}}
{"recorder_version":"75","session":"25052105-58e0b56eb975","build":"233.11799.241","bucket":"250","time":1747806112516,"group":{"id":"vcs","version":"13"},"event":{"count":1,"data":{"created":1747806112529,"system_event_id":475},"id":"registered"}}
{"recorder_version":"75","session":"25052105-58e0b56eb975","build":"233.11799.241","bucket":"250","time":1747806112516,"group":{"id":"commit.interactions","version":"4"},"event":{"count":1,"data":{"created":1747806112529,"system_event_id":476},"id":"registered"}}
{"recorder_version":"75","session":"25052105-58e0b56eb975","build":"233.11799.241","bucket":"250","time":1747806112516,"group":{"id":"vcs.log.trigger","version":"6"},"event":{"count":1,"data":{"created":1747806112529,"system_event_id":477},"id":"registered"}}
{"recorder_version":"75","session":"25052105-58e0b56eb975","build":"233.11799.241","bucket":"250","time":1747806112516,"group":{"id":"vcs.log.performance","version":"4"},"event":{"count":1,"data":{"created":1747806112529,"system_event_id":478},"id":"registered"}}
{"recorder_version":"75","session":"25052105-58e0b56eb975","build":"233.11799.241","bucket":"250","time":1747806112516,"group":{"id":"smart.update","version":"2"},"event":{"count":1,"data":{"created":1747806112529,"system_event_id":479},"id":"registered"}}
{"recorder_version":"75","session":"25052105-58e0b56eb975","build":"233.11799.241","bucket":"250","time":1747806112516,"group":{"id":"debugger.breakpoints.usage","version":"4"},"event":{"count":1,"data":{"created":1747806112529,"system_event_id":480},"id":"registered"}}
{"recorder_version":"75","session":"25052105-58e0b56eb975","build":"233.11799.241","bucket":"250","time":1747806112516,"group":{"id":"debugger.evaluate.usage","version":"4"},"event":{"count":1,"data":{"created":1747806112529,"system_event_id":481},"id":"registered"}}
{"recorder_version":"75","session":"25052105-58e0b56eb975","build":"233.11799.241","bucket":"250","time":1747806112516,"group":{"id":"debugger.frames.view","version":"2"},"event":{"count":1,"data":{"created":1747806112529,"system_event_id":482},"id":"registered"}}
{"recorder_version":"75","session":"25052105-58e0b56eb975","build":"233.11799.241","bucket":"250","time":1747806112516,"group":{"id":"debugger.attach.dialog","version":"3"},"event":{"count":1,"data":{"created":1747806112529,"system_event_id":483},"id":"registered"}}
{"recorder_version":"75","session":"25052105-58e0b56eb975","build":"233.11799.241","bucket":"250","time":1747806112516,"group":{"id":"xdebugger.actions","version":"3"},"event":{"count":1,"data":{"created":1747806112529,"system_event_id":484},"id":"registered"}}
{"recorder_version":"75","session":"25052105-58e0b56eb975","build":"233.11799.241","bucket":"250","time":1747806112516,"group":{"id":"debugger.performance","version":"3"},"event":{"count":1,"data":{"created":1747806112529,"system_event_id":485},"id":"registered"}}
{"recorder_version":"75","session":"25052105-58e0b56eb975","build":"233.11799.241","bucket":"250","time":1747806112516,"group":{"id":"external.project.task","version":"3"},"event":{"count":1,"data":{"created":1747806112529,"system_event_id":486},"id":"registered"}}
{"recorder_version":"75","session":"25052105-58e0b56eb975","build":"233.11799.241","bucket":"250","time":1747806112516,"group":{"id":"build.tools.actions","version":"7"},"event":{"count":1,"data":{"created":1747806112530,"system_event_id":487},"id":"registered"}}
{"recorder_version":"75","session":"25052105-58e0b56eb975","build":"233.11799.241","bucket":"250","time":1747806112516,"group":{"id":"build.tools.sources","version":"1"},"event":{"count":1,"data":{"created":1747806112530,"system_event_id":488},"id":"registered"}}
{"recorder_version":"75","session":"25052105-58e0b56eb975","build":"233.11799.241","bucket":"250","time":1747806112516,"group":{"id":"json.schema","version":"2"},"event":{"count":1,"data":{"created":1747806112530,"system_event_id":489},"id":"registered"}}
{"recorder_version":"75","session":"25052105-58e0b56eb975","build":"233.11799.241","bucket":"250","time":1747806112516,"group":{"id":"spellchecker.events","version":"2"},"event":{"count":1,"data":{"created":1747806112530,"system_event_id":490},"id":"registered"}}
{"recorder_version":"75","session":"25052105-58e0b56eb975","build":"233.11799.241","bucket":"250","time":1747806112516,"group":{"id":"editorconfig","version":"2"},"event":{"count":1,"data":{"created":1747806112530,"system_event_id":491},"id":"registered"}}
{"recorder_version":"75","session":"25052105-58e0b56eb975","build":"233.11799.241","bucket":"250","time":1747806112517,"group":{"id":"markdown.events","version":"1"},"event":{"count":1,"data":{"created":1747806112530,"system_event_id":492},"id":"registered"}}
{"recorder_version":"75","session":"25052105-58e0b56eb975","build":"233.11799.241","bucket":"250","time":1747806112517,"group":{"id":"terminalShell","version":"15"},"event":{"count":1,"data":{"created":1747806112530,"system_event_id":493},"id":"registered"}}
{"recorder_version":"75","session":"25052105-58e0b56eb975","build":"233.11799.241","bucket":"250","time":1747806112517,"group":{"id":"build.gradle.errors","version":"4"},"event":{"count":1,"data":{"created":1747806112530,"system_event_id":494},"id":"registered"}}
{"recorder_version":"75","session":"25052105-58e0b56eb975","build":"233.11799.241","bucket":"250","time":1747806112517,"group":{"id":"build.gradle.actions","version":"3"},"event":{"count":1,"data":{"created":1747806112530,"system_event_id":495},"id":"registered"}}
{"recorder_version":"75","session":"25052105-58e0b56eb975","build":"233.11799.241","bucket":"250","time":1747806112517,"group":{"id":"build.gradle.performance","version":"2"},"event":{"count":1,"data":{"created":1747806112530,"system_event_id":496},"id":"registered"}}
{"recorder_version":"75","session":"25052105-58e0b56eb975","build":"233.11799.241","bucket":"250","time":1747806112517,"group":{"id":"ideFeaturesTrainer","version":"19"},"event":{"count":1,"data":{"created":1747806112530,"system_event_id":497},"id":"registered"}}
{"recorder_version":"75","session":"25052105-58e0b56eb975","build":"233.11799.241","bucket":"250","time":1747806112517,"group":{"id":"feature_suggester","version":"4"},"event":{"count":1,"data":{"created":1747806112530,"system_event_id":498},"id":"registered"}}
{"recorder_version":"75","session":"25052105-58e0b56eb975","build":"233.11799.241","bucket":"250","time":1747806112517,"group":{"id":"onboarding.tips.statistics","version":"4"},"event":{"count":1,"data":{"created":1747806112530,"system_event_id":499},"id":"registered"}}
{"recorder_version":"75","session":"25052105-58e0b56eb975","build":"233.11799.241","bucket":"250","time":1747806112517,"group":{"id":"shell.script","version":"1"},"event":{"count":1,"data":{"created":1747806112530,"system_event_id":500},"id":"registered"}}
{"recorder_version":"75","session":"25052105-58e0b56eb975","build":"233.11799.241","bucket":"250","time":1747806112517,"group":{"id":"ml.completion","version":"5"},"event":{"count":1,"data":{"created":1747806112531,"system_event_id":501},"id":"registered"}}
{"recorder_version":"75","session":"25052105-58e0b56eb975","build":"233.11799.241","bucket":"250","time":1747806112517,"group":{"id":"new.ui.onboarding","version":"3"},"event":{"count":1,"data":{"created":1747806112531,"system_event_id":502},"id":"registered"}}
{"recorder_version":"75","session":"25052105-58e0b56eb975","build":"233.11799.241","bucket":"250","time":1747806112517,"group":{"id":"settings.sync.events","version":"1"},"event":{"count":1,"data":{"created":1747806112531,"system_event_id":503},"id":"registered"}}
{"recorder_version":"75","session":"25052105-58e0b56eb975","build":"233.11799.241","bucket":"250","time":1747806112517,"group":{"id":"space","version":"7"},"event":{"count":1,"data":{"created":1747806112531,"system_event_id":504},"id":"registered"}}
{"recorder_version":"75","session":"25052105-58e0b56eb975","build":"233.11799.241","bucket":"250","time":1747806112517,"group":{"id":"grazie.count","version":"7"},"event":{"count":1,"data":{"created":1747806112531,"system_event_id":505},"id":"registered"}}
{"recorder_version":"75","session":"25052105-58e0b56eb975","build":"233.11799.241","bucket":"250","time":1747806112517,"group":{"id":"git.branches","version":"1"},"event":{"count":1,"data":{"created":1747806112531,"system_event_id":506},"id":"registered"}}
{"recorder_version":"75","session":"25052105-58e0b56eb975","build":"233.11799.241","bucket":"250","time":1747806112517,"group":{"id":"stash.interactions","version":"4"},"event":{"count":1,"data":{"created":1747806112531,"system_event_id":507},"id":"registered"}}
{"recorder_version":"75","session":"25052105-58e0b56eb975","build":"233.11799.241","bucket":"250","time":1747806112517,"group":{"id":"git.status.refresh","version":"1"},"event":{"count":1,"data":{"created":1747806112531,"system_event_id":508},"id":"registered"}}
{"recorder_version":"75","session":"25052105-58e0b56eb975","build":"233.11799.241","bucket":"250","time":1747806112517,"group":{"id":"git.operations","version":"1"},"event":{"count":1,"data":{"created":1747806112531,"system_event_id":509},"id":"registered"}}
{"recorder_version":"75","session":"25052105-58e0b56eb975","build":"233.11799.241","bucket":"250","time":1747806112517,"group":{"id":"vcs.github.pullrequest.counters","version":"5"},"event":{"count":1,"data":{"created":1747806112531,"system_event_id":510},"id":"registered"}}
{"recorder_version":"75","session":"25052105-58e0b56eb975","build":"233.11799.241","bucket":"250","time":1747806112519,"group":{"id":"vcs.gitlab.counters","version":"13"},"event":{"count":1,"data":{"created":1747806112531,"system_event_id":511},"id":"registered"}}
{"recorder_version":"75","session":"25052105-58e0b56eb975","build":"233.11799.241","bucket":"250","time":1747806112519,"group":{"id":"java.find.usages","version":"3"},"event":{"count":1,"data":{"created":1747806112531,"system_event_id":512},"id":"registered"}}
{"recorder_version":"75","session":"25052105-58e0b56eb975","build":"233.11799.241","bucket":"250","time":1747806112519,"group":{"id":"java.extract.method","version":"3"},"event":{"count":1,"data":{"created":1747806112531,"system_event_id":513},"id":"registered"}}
{"recorder_version":"75","session":"25052105-58e0b56eb975","build":"233.11799.241","bucket":"250","time":1747806112519,"group":{"id":"extract.method.inplace","version":"3"},"event":{"count":1,"data":{"created":1747806112531,"system_event_id":514},"id":"registered"}}
{"recorder_version":"75","session":"25052105-58e0b56eb975","build":"233.11799.241","bucket":"250","time":1747806112519,"group":{"id":"java.debugger.actions","version":"2"},"event":{"count":1,"data":{"created":1747806112531,"system_event_id":515},"id":"registered"}}
{"recorder_version":"75","session":"25052105-58e0b56eb975","build":"233.11799.241","bucket":"250","time":1747806112519,"group":{"id":"java.smart.enter.fixer","version":"3"},"event":{"count":1,"data":{"created":1747806112532,"system_event_id":516},"id":"registered"}}
{"recorder_version":"75","session":"25052105-58e0b56eb975","build":"233.11799.241","bucket":"250","time":1747806112519,"group":{"id":"introduce.variable.inplace","version":"3"},"event":{"count":1,"data":{"created":1747806112532,"system_event_id":517},"id":"registered"}}
{"recorder_version":"75","session":"25052105-58e0b56eb975","build":"233.11799.241","bucket":"250","time":1747806112519,"group":{"id":"introduce.parameter.inplace","version":"2"},"event":{"count":1,"data":{"created":1747806112532,"system_event_id":518},"id":"registered"}}
{"recorder_version":"75","session":"25052105-58e0b56eb975","build":"233.11799.241","bucket":"250","time":1747806112519,"group":{"id":"build.jps","version":"2"},"event":{"count":1,"data":{"created":1747806112532,"system_event_id":519},"id":"registered"}}
{"recorder_version":"75","session":"25052105-58e0b56eb975","build":"233.11799.241","bucket":"250","time":1747806112519,"group":{"id":"java.debugger","version":"5"},"event":{"count":1,"data":{"created":1747806112532,"system_event_id":520},"id":"registered"}}
{"recorder_version":"75","session":"25052105-58e0b56eb975","build":"233.11799.241","bucket":"250","time":1747806112519,"group":{"id":"debugger.breakpoints.usage.java","version":"1"},"event":{"count":1,"data":{"created":1747806112532,"system_event_id":521},"id":"registered"}}
{"recorder_version":"75","session":"25052105-58e0b56eb975","build":"233.11799.241","bucket":"250","time":1747806112519,"group":{"id":"java.completion.contributors","version":"2"},"event":{"count":1,"data":{"created":1747806112532,"system_event_id":522},"id":"registered"}}
{"recorder_version":"75","session":"25052105-58e0b56eb975","build":"233.11799.241","bucket":"250","time":1747806112519,"group":{"id":"java.lens","version":"4"},"event":{"count":1,"data":{"created":1747806112532,"system_event_id":523},"id":"registered"}}
{"recorder_version":"75","session":"25052105-58e0b56eb975","build":"233.11799.241","bucket":"250","time":1747806112519,"group":{"id":"idea.project.statistics","version":"2"},"event":{"count":1,"data":{"created":1747806112532,"system_event_id":524},"id":"registered"}}
{"recorder_version":"75","session":"25052105-58e0b56eb975","build":"233.11799.241","bucket":"250","time":1747806112519,"group":{"id":"task.management","version":"2"},"event":{"count":1,"data":{"created":1747806112532,"system_event_id":525},"id":"registered"}}
{"recorder_version":"75","session":"25052105-58e0b56eb975","build":"233.11799.241","bucket":"250","time":1747806112519,"group":{"id":"eclipse.projects.detector","version":"2"},"event":{"count":1,"data":{"created":1747806112532,"system_event_id":526},"id":"registered"}}
{"recorder_version":"75","session":"25052105-58e0b56eb975","build":"233.11799.241","bucket":"250","time":1747806112519,"group":{"id":"kotlin.compilation.error","version":"2"},"event":{"count":1,"data":{"created":1747806112532,"system_event_id":527},"id":"registered"}}
{"recorder_version":"75","session":"25052105-58e0b56eb975","build":"233.11799.241","bucket":"250","time":1747806112519,"group":{"id":"kotlin.ide.new.project","version":"11"},"event":{"count":1,"data":{"created":1747806112532,"system_event_id":528},"id":"registered"}}
{"recorder_version":"75","session":"25052105-58e0b56eb975","build":"233.11799.241","bucket":"250","time":1747806112519,"group":{"id":"kotlin.ide.new.file","version":"2"},"event":{"count":1,"data":{"created":1747806112532,"system_event_id":529},"id":"registered"}}
{"recorder_version":"75","session":"25052105-58e0b56eb975","build":"233.11799.241","bucket":"250","time":1747806112519,"group":{"id":"kotlin.ide.refactoring.move","version":"2"},"event":{"count":1,"data":{"created":1747806112532,"system_event_id":530},"id":"registered"}}
{"recorder_version":"75","session":"25052105-58e0b56eb975","build":"233.11799.241","bucket":"250","time":1747806112519,"group":{"id":"kotlin.ide.refactoring.inline","version":"4"},"event":{"count":1,"data":{"created":1747806112532,"system_event_id":531},"id":"registered"}}
{"recorder_version":"75","session":"25052105-58e0b56eb975","build":"233.11799.241","bucket":"250","time":1747806112519,"group":{"id":"kotlin.ide.gradle","version":"1"},"event":{"count":1,"data":{"created":1747806112532,"system_event_id":532},"id":"registered"}}
{"recorder_version":"75","session":"25052105-58e0b56eb975","build":"233.11799.241","bucket":"250","time":1747806112519,"group":{"id":"kotlin.ide.migrationTool","version":"3"},"event":{"count":1,"data":{"created":1747806112533,"system_event_id":533},"id":"registered"}}
{"recorder_version":"75","session":"25052105-58e0b56eb975","build":"233.11799.241","bucket":"250","time":1747806112519,"group":{"id":"kotlin.ide.j2k","version":"2"},"event":{"count":1,"data":{"created":1747806112533,"system_event_id":534},"id":"registered"}}
{"recorder_version":"75","session":"25052105-58e0b56eb975","build":"233.11799.241","bucket":"250","time":1747806112519,"group":{"id":"kotlin.ide.inspections","version":"2"},"event":{"count":1,"data":{"created":1747806112533,"system_event_id":535},"id":"registered"}}
{"recorder_version":"75","session":"25052105-58e0b56eb975","build":"233.11799.241","bucket":"250","time":1747806112519,"group":{"id":"kotlin.code.vision","version":"2"},"event":{"count":1,"data":{"created":1747806112533,"system_event_id":536},"id":"registered"}}
{"recorder_version":"75","session":"25052105-58e0b56eb975","build":"233.11799.241","bucket":"250","time":1747806112519,"group":{"id":"kotlin.onboarding.j2k","version":"2"},"event":{"count":1,"data":{"created":1747806112533,"system_event_id":537},"id":"registered"}}
{"recorder_version":"75","session":"25052105-58e0b56eb975","build":"233.11799.241","bucket":"250","time":1747806112519,"group":{"id":"kotlin.debugger.evaluator","version":"3"},"event":{"count":1,"data":{"created":1747806112533,"system_event_id":538},"id":"registered"}}
{"recorder_version":"75","session":"25052105-58e0b56eb975","build":"233.11799.241","bucket":"250","time":1747806112519,"group":{"id":"kotlin.gradle.performance","version":"13"},"event":{"count":1,"data":{"created":1747806112533,"system_event_id":539},"id":"registered"}}
{"recorder_version":"75","session":"25052105-58e0b56eb975","build":"233.11799.241","bucket":"250","time":1747806112519,"group":{"id":"build.maven.actions","version":"4"},"event":{"count":1,"data":{"created":1747806112533,"system_event_id":540},"id":"registered"}}
{"recorder_version":"75","session":"25052105-58e0b56eb975","build":"233.11799.241","bucket":"250","time":1747806112519,"group":{"id":"maven.import","version":"10"},"event":{"count":1,"data":{"created":1747806112533,"system_event_id":541},"id":"registered"}}
{"recorder_version":"75","session":"25052105-58e0b56eb975","build":"233.11799.241","bucket":"250","time":1747806112519,"group":{"id":"new.project.wizard.interactions","version":"24"},"event":{"count":1,"data":{"created":1747806112533,"system_event_id":542},"id":"registered"}}
{"recorder_version":"75","session":"25052105-58e0b56eb975","build":"233.11799.241","bucket":"250","time":1747806112519,"group":{"id":"build.gradle.import","version":"8"},"event":{"count":1,"data":{"created":1747806112533,"system_event_id":543},"id":"registered"}}
{"recorder_version":"75","session":"25052105-58e0b56eb975","build":"233.11799.241","bucket":"250","time":1747806112519,"group":{"id":"qodana.plugin","version":"7"},"event":{"count":1,"data":{"created":1747806112533,"system_event_id":544},"id":"registered"}}
{"recorder_version":"75","session":"25052105-58e0b56eb975","build":"233.11799.241","bucket":"250","time":1747806112519,"group":{"id":"qodana.inspections","version":"10"},"event":{"count":1,"data":{"created":1747806112533,"system_event_id":545},"id":"registered"}}
{"recorder_version":"75","session":"25052105-58e0b56eb975","build":"233.11799.241","bucket":"250","time":1747806112519,"group":{"id":"qodana.coverage","version":"1"},"event":{"count":1,"data":{"created":1747806112533,"system_event_id":546},"id":"registered"}}
{"recorder_version":"75","session":"25052105-58e0b56eb975","build":"233.11799.241","bucket":"250","time":1747806112519,"group":{"id":"shared.indexes","version":"9"},"event":{"count":1,"data":{"created":1747806112533,"system_event_id":547},"id":"registered"}}
{"recorder_version":"75","session":"25052105-58e0b56eb975","build":"233.11799.241","bucket":"250","time":1747806112525,"group":{"id":"rdct.lifecycle","version":"2"},"event":{"count":1,"data":{"created":1747806112533,"system_event_id":548},"id":"registered"}}
{"recorder_version":"75","session":"25052105-58e0b56eb975","build":"233.11799.241","bucket":"250","time":1747806112525,"group":{"id":"vulnerability.package.checker","version":"6"},"event":{"count":1,"data":{"created":1747806112533,"system_event_id":549},"id":"registered"}}
{"recorder_version":"75","session":"25052105-58e0b56eb975","build":"233.11799.241","bucket":"250","time":1747806112525,"group":{"id":"profiler.usage","version":"18"},"event":{"count":1,"data":{"created":1747806112533,"system_event_id":550},"id":"registered"}}
{"recorder_version":"75","session":"25052105-58e0b56eb975","build":"233.11799.241","bucket":"250","time":1747806113546,"group":{"id":"performance","version":"68"},"event":{"count":1,"data":{"duration_ms":0,"system_event_id":551,"created":1747806113546},"id":"ui.latency"}}
{"recorder_version":"75","session":"25052105-58e0b56eb975","build":"233.11799.241","bucket":"250","time":1747806138725,"group":{"id":"project.intellij.monorepo","version":"1"},"event":{"state":true,"data":{"system_event_id":552,"project":"87ba50885b0315e4093d2bbbdd54e22f5326c3fb787b718f3dc8066ba9fdfb35","created":1747806138774},"id":"invoked"}}
{"recorder_version":"75","session":"25052105-58e0b56eb975","build":"233.11799.241","bucket":"250","time":1747806138726,"group":{"id":"run.configuration.type","version":"16"},"event":{"state":true,"data":{"system_event_id":553,"project":"87ba50885b0315e4093d2bbbdd54e22f5326c3fb787b718f3dc8066ba9fdfb35","created":1747806138793},"id":"invoked"}}
{"recorder_version":"75","session":"25052105-58e0b56eb975","build":"233.11799.241","bucket":"250","time":1747806138737,"group":{"id":"module.facets","version":"6"},"event":{"state":true,"data":{"system_event_id":554,"project":"87ba50885b0315e4093d2bbbdd54e22f5326c3fb787b718f3dc8066ba9fdfb35","created":1747806138794},"id":"invoked"}}
{"recorder_version":"75","session":"25052105-58e0b56eb975","build":"233.11799.241","bucket":"250","time":1747806138758,"group":{"id":"project.structure","version":"6"},"event":{"state":true,"data":{"system_event_id":555,"project":"87ba50885b0315e4093d2bbbdd54e22f5326c3fb787b718f3dc8066ba9fdfb35","created":1747806138794},"id":"invoked"}}
{"recorder_version":"75","session":"25052105-58e0b56eb975","build":"233.11799.241","bucket":"250","time":1747806138793,"group":{"id":"bundled.resource.reference","version":"1"},"event":{"state":true,"data":{"system_event_id":556,"project":"87ba50885b0315e4093d2bbbdd54e22f5326c3fb787b718f3dc8066ba9fdfb35","created":1747806138802},"id":"invoked"}}
{"recorder_version":"75","session":"25052105-58e0b56eb975","build":"233.11799.241","bucket":"250","time":1747806138803,"group":{"id":"run.configuration.type","version":"16"},"event":{"state":true,"data":{"temp_count":0,"system_event_id":557,"project":"87ba50885b0315e4093d2bbbdd54e22f5326c3fb787b718f3dc8066ba9fdfb35","total_count":0,"created":1747806138815},"id":"total.configurations.registered"}}
{"recorder_version":"75","session":"25052105-58e0b56eb975","build":"233.11799.241","bucket":"250","time":1747806138827,"group":{"id":"project.view.pane","version":"2"},"event":{"state":true,"data":{"system_event_id":558,"project":"87ba50885b0315e4093d2bbbdd54e22f5326c3fb787b718f3dc8066ba9fdfb35","created":1747806138873},"id":"invoked"}}
{"recorder_version":"75","session":"25052105-58e0b56eb975","build":"233.11799.241","bucket":"250","time":1747806138828,"group":{"id":"project.view.pane","version":"2"},"event":{"state":true,"data":{"plugin_type":"PLATFORM","system_event_id":559,"project":"87ba50885b0315e4093d2bbbdd54e22f5326c3fb787b718f3dc8066ba9fdfb35","class_name":"com.intellij.ide.projectView.impl.ProjectViewPane","created":1747806138917},"id":"current"}}
{"recorder_version":"75","session":"25052105-58e0b56eb975","build":"233.11799.241","bucket":"250","time":1747806138828,"group":{"id":"project.structure","version":"6"},"event":{"state":true,"data":{"count":1,"system_event_id":560,"project":"87ba50885b0315e4093d2bbbdd54e22f5326c3fb787b718f3dc8066ba9fdfb35","created":1747806138920},"id":"content.roots.total"}}
{"recorder_version":"75","session":"25052105-58e0b56eb975","build":"233.11799.241","bucket":"250","time":1747806138828,"group":{"id":"project.structure","version":"6"},"event":{"state":true,"data":{"count":0,"system_event_id":561,"project":"87ba50885b0315e4093d2bbbdd54e22f5326c3fb787b718f3dc8066ba9fdfb35","created":1747806138921},"id":"package.prefix"}}
{"recorder_version":"75","session":"25052105-58e0b56eb975","build":"233.11799.241","bucket":"250","time":1747806138828,"group":{"id":"project.structure","version":"6"},"event":{"state":true,"data":{"count":0,"system_event_id":562,"project":"87ba50885b0315e4093d2bbbdd54e22f5326c3fb787b718f3dc8066ba9fdfb35","created":1747806138921},"id":"unloaded.modules.total"}}
{"recorder_version":"75","session":"25052105-58e0b56eb975","build":"233.11799.241","bucket":"250","time":1747806138828,"group":{"id":"project.structure","version":"6"},"event":{"state":true,"data":{"count":1,"system_event_id":563,"project":"87ba50885b0315e4093d2bbbdd54e22f5326c3fb787b718f3dc8066ba9fdfb35","created":1747806138921},"id":"source.roots.total"}}
{"recorder_version":"75","session":"25052105-58e0b56eb975","build":"233.11799.241","bucket":"250","time":1747806138828,"group":{"id":"project.structure","version":"6"},"event":{"state":true,"data":{"count":1,"system_event_id":564,"project":"87ba50885b0315e4093d2bbbdd54e22f5326c3fb787b718f3dc8066ba9fdfb35","created":1747806138937},"id":"modules.total"}}
{"recorder_version":"75","session":"25052105-58e0b56eb975","build":"233.11799.241","bucket":"250","time":1747806138828,"group":{"id":"project.structure","version":"6"},"event":{"state":true,"data":{"count":0,"system_event_id":565,"project":"87ba50885b0315e4093d2bbbdd54e22f5326c3fb787b718f3dc8066ba9fdfb35","created":1747806139071},"id":"named.scopes.total.local"}}
{"recorder_version":"75","session":"25052105-58e0b56eb975","build":"233.11799.241","bucket":"250","time":1747806138828,"group":{"id":"project.structure","version":"6"},"event":{"state":true,"data":{"count":0,"system_event_id":566,"project":"87ba50885b0315e4093d2bbbdd54e22f5326c3fb787b718f3dc8066ba9fdfb35","created":1747806139072},"id":"excluded.roots.total"}}
{"recorder_version":"75","session":"25052105-58e0b56eb975","build":"233.11799.241","bucket":"250","time":1747806138828,"group":{"id":"project.structure","version":"6"},"event":{"state":true,"data":{"count":0,"system_event_id":567,"project":"87ba50885b0315e4093d2bbbdd54e22f5326c3fb787b718f3dc8066ba9fdfb35","created":1747806139112},"id":"named.scopes.total.shared"}}
{"recorder_version":"75","session":"25052105-58e0b56eb975","build":"233.11799.241","bucket":"250","time":1747806138828,"group":{"id":"project.structure","version":"6"},"event":{"state":true,"data":{"count":1,"system_event_id":568,"project":"87ba50885b0315e4093d2bbbdd54e22f5326c3fb787b718f3dc8066ba9fdfb35","type":"java-source","created":1747806139112},"id":"source.root"}}
{"recorder_version":"75","session":"25052105-58e0b56eb975","build":"233.11799.241","bucket":"250","time":1747806138828,"group":{"id":"project.structure","version":"6"},"event":{"state":true,"data":{"count":0,"system_event_id":569,"project":"87ba50885b0315e4093d2bbbdd54e22f5326c3fb787b718f3dc8066ba9fdfb35","created":1747806139141},"id":"module.groups.total"}}
{"recorder_version":"75","session":"25052105-58e0b56eb975","build":"233.11799.241","bucket":"250","time":1747806138960,"group":{"id":"editor.settings.project","version":"3"},"event":{"state":true,"data":{"system_event_id":570,"project":"87ba50885b0315e4093d2bbbdd54e22f5326c3fb787b718f3dc8066ba9fdfb35","created":1747806139176},"id":"invoked"}}
{"recorder_version":"75","session":"25052105-58e0b56eb975","build":"233.11799.241","bucket":"250","time":1747806138980,"group":{"id":"file.types","version":"7"},"event":{"state":true,"data":{"system_event_id":571,"project":"87ba50885b0315e4093d2bbbdd54e22f5326c3fb787b718f3dc8066ba9fdfb35","created":1747806139204},"id":"invoked"}}
{"recorder_version":"75","session":"25052105-58e0b56eb975","build":"233.11799.241","bucket":"250","time":1747806138986,"group":{"id":"highlighting.settings.per.file","version":"2"},"event":{"state":true,"data":{"system_event_id":572,"project":"87ba50885b0315e4093d2bbbdd54e22f5326c3fb787b718f3dc8066ba9fdfb35","created":1747806139205},"id":"invoked"}}
{"recorder_version":"75","session":"25052105-58e0b56eb975","build":"233.11799.241","bucket":"250","time":1747806139112,"group":{"id":"run.dashboard","version":"5"},"event":{"state":true,"data":{"system_event_id":573,"project":"87ba50885b0315e4093d2bbbdd54e22f5326c3fb787b718f3dc8066ba9fdfb35","created":1747806139205},"id":"invoked"}}
{"recorder_version":"75","session":"25052105-58e0b56eb975","build":"233.11799.241","bucket":"250","time":1747806139178,"group":{"id":"inspections","version":"14"},"event":{"state":true,"data":{"system_event_id":574,"project":"87ba50885b0315e4093d2bbbdd54e22f5326c3fb787b718f3dc8066ba9fdfb35","created":1747806139213},"id":"invoked"}}
{"recorder_version":"75","session":"25052105-58e0b56eb975","build":"233.11799.241","bucket":"250","time":1747806139205,"group":{"id":"settings","version":"9"},"event":{"state":true,"data":{"plugin_type":"PLATFORM","system_event_id":575,"project":"87ba50885b0315e4093d2bbbdd54e22f5326c3fb787b718f3dc8066ba9fdfb35","component":"CodeInsightWorkspaceSettings","id":104,"created":1747806139214},"id":"invoked"}}
{"recorder_version":"75","session":"25052105-58e0b56eb975","build":"233.11799.241","bucket":"250","time":1747806139205,"group":{"id":"settings","version":"9"},"event":{"state":true,"data":{"plugin_type":"PLATFORM","system_event_id":576,"project":"87ba50885b0315e4093d2bbbdd54e22f5326c3fb787b718f3dc8066ba9fdfb35","component":"RunDashboard","id":105,"created":1747806139214},"id":"invoked"}}
{"recorder_version":"75","session":"25052105-58e0b56eb975","build":"233.11799.241","bucket":"250","time":1747806139205,"group":{"id":"run.dashboard","version":"5"},"event":{"state":true,"data":{"system_event_id":577,"project":"87ba50885b0315e4093d2bbbdd54e22f5326c3fb787b718f3dc8066ba9fdfb35","enabled":false,"created":1747806139214},"id":"run.dashboard"}}
{"recorder_version":"75","session":"25052105-58e0b56eb975","build":"233.11799.241","bucket":"250","time":1747806139205,"group":{"id":"highlighting.settings.per.file","version":"2"},"event":{"state":true,"data":{"count":0,"system_event_id":578,"project":"87ba50885b0315e4093d2bbbdd54e22f5326c3fb787b718f3dc8066ba9fdfb35","created":1747806139214},"id":"skip.highlighting.roots"}}
{"recorder_version":"75","session":"25052105-58e0b56eb975","build":"233.11799.241","bucket":"250","time":1747806139205,"group":{"id":"file.types","version":"7"},"event":{"state":true,"data":{"plugin_type":"PLATFORM","count":1,"system_event_id":579,"project":"87ba50885b0315e4093d2bbbdd54e22f5326c3fb787b718f3dc8066ba9fdfb35","file_type":"IDEA_MODULE","created":1747806139214},"id":"file.in.project"}}
{"recorder_version":"75","session":"25052105-58e0b56eb975","build":"233.11799.241","bucket":"250","time":1747806139205,"group":{"id":"file.types","version":"7"},"event":{"state":true,"data":{"plugin_version":"233.11799.241","plugin":"com.intellij.java","file_type":"JAVA","created":1747806139214,"plugin_type":"JB_BUNDLED","count":1,"system_event_id":580,"project":"87ba50885b0315e4093d2bbbdd54e22f5326c3fb787b718f3dc8066ba9fdfb35"},"id":"file.in.project"}}
{"recorder_version":"75","session":"25052105-58e0b56eb975","build":"233.11799.241","bucket":"250","time":1747806139205,"group":{"id":"file.types","version":"7"},"event":{"state":true,"data":{"plugin_version":"233.11799.241","plugin":"Git4Idea","file_type":"GitIgnore file","created":1747806139214,"plugin_type":"JB_BUNDLED","count":1,"system_event_id":581,"project":"87ba50885b0315e4093d2bbbdd54e22f5326c3fb787b718f3dc8066ba9fdfb35"},"id":"file.in.project"}}
{"recorder_version":"75","session":"25052105-58e0b56eb975","build":"233.11799.241","bucket":"250","time":1747806139205,"group":{"id":"appearance.file.colors","version":"2"},"event":{"state":true,"data":{"system_event_id":582,"project":"87ba50885b0315e4093d2bbbdd54e22f5326c3fb787b718f3dc8066ba9fdfb35","created":1747806139214},"id":"invoked"}}
{"recorder_version":"75","session":"25052105-58e0b56eb975","build":"233.11799.241","bucket":"250","time":1747806139212,"group":{"id":"svn.configuration","version":"2"},"event":{"state":true,"data":{"system_event_id":583,"project":"87ba50885b0315e4093d2bbbdd54e22f5326c3fb787b718f3dc8066ba9fdfb35","created":1747806139214},"id":"invoked"}}
{"recorder_version":"75","session":"25052105-58e0b56eb975","build":"233.11799.241","bucket":"250","time":1747806139226,"group":{"id":"bookmarks","version":"3"},"event":{"state":true,"data":{"system_event_id":584,"project":"87ba50885b0315e4093d2bbbdd54e22f5326c3fb787b718f3dc8066ba9fdfb35","created":1747806139233},"id":"invoked"}}
{"recorder_version":"75","session":"25052105-58e0b56eb975","build":"233.11799.241","bucket":"250","time":1747806139228,"group":{"id":"highlighting.settings.per.file","version":"2"},"event":{"state":true,"data":{"count":0,"system_event_id":585,"project":"87ba50885b0315e4093d2bbbdd54e22f5326c3fb787b718f3dc8066ba9fdfb35","created":1747806139233},"id":"skip.inspection.roots"}}
{"recorder_version":"75","session":"25052105-58e0b56eb975","build":"233.11799.241","bucket":"250","time":1747806139228,"group":{"id":"bookmarks","version":"3"},"event":{"state":true,"data":{"count":0,"system_event_id":586,"project":"87ba50885b0315e4093d2bbbdd54e22f5326c3fb787b718f3dc8066ba9fdfb35","created":1747806139233},"id":"bookmarks.total"}}
{"recorder_version":"75","session":"25052105-58e0b56eb975","build":"233.11799.241","bucket":"250","time":1747806139230,"group":{"id":"inspections","version":"14"},"event":{"state":true,"data":{"system_event_id":587,"project":"87ba50885b0315e4093d2bbbdd54e22f5326c3fb787b718f3dc8066ba9fdfb35","amount":1,"created":1747806139234},"id":"profiles"}}
{"recorder_version":"75","session":"25052105-58e0b56eb975","build":"233.11799.241","bucket":"250","time":1747806139230,"group":{"id":"inspections","version":"14"},"event":{"state":true,"data":{"system_event_id":588,"project":"87ba50885b0315e4093d2bbbdd54e22f5326c3fb787b718f3dc8066ba9fdfb35","default":true,"project_level":true,"locked":false,"created":1747806139235},"id":"used.profile"}}
{"recorder_version":"75","session":"25052105-58e0b56eb975","build":"233.11799.241","bucket":"250","time":1747806139230,"group":{"id":"inspections","version":"14"},"event":{"state":true,"data":{"system_event_id":589,"project":"87ba50885b0315e4093d2bbbdd54e22f5326c3fb787b718f3dc8066ba9fdfb35","inspectionSessions":8,"created":1747806139235,"inspectionIds":[]},"id":"inspections.reporting.problems"}}
{"recorder_version":"75","session":"25052105-58e0b56eb975","build":"233.11799.241","bucket":"250","time":1747806139230,"group":{"id":"bookmarks","version":"3"},"event":{"state":true,"data":{"count":1,"system_event_id":590,"project":"87ba50885b0315e4093d2bbbdd54e22f5326c3fb787b718f3dc8066ba9fdfb35","created":1747806139235},"id":"bookmarks.lists"}}
{"recorder_version":"75","session":"25052105-58e0b56eb975","build":"233.11799.241","bucket":"250","time":1747806139230,"group":{"id":"bookmarks","version":"3"},"event":{"state":true,"data":{"count":0,"system_event_id":591,"project":"87ba50885b0315e4093d2bbbdd54e22f5326c3fb787b718f3dc8066ba9fdfb35","created":1747806139235},"id":"bookmarks.with.line"}}
{"recorder_version":"75","session":"25052105-58e0b56eb975","build":"233.11799.241","bucket":"250","time":1747806139230,"group":{"id":"bookmarks","version":"3"},"event":{"state":true,"data":{"count":0,"system_event_id":592,"project":"87ba50885b0315e4093d2bbbdd54e22f5326c3fb787b718f3dc8066ba9fdfb35","created":1747806139235},"id":"bookmarks.with.number.mnemonic"}}
{"recorder_version":"75","session":"25052105-58e0b56eb975","build":"233.11799.241","bucket":"250","time":1747806139230,"group":{"id":"bookmarks","version":"3"},"event":{"state":true,"data":{"count":0,"system_event_id":593,"project":"87ba50885b0315e4093d2bbbdd54e22f5326c3fb787b718f3dc8066ba9fdfb35","created":1747806139235},"id":"bookmarks.with.letter.mnemonic"}}
{"recorder_version":"75","session":"25052105-58e0b56eb975","build":"233.11799.241","bucket":"250","time":1747806139230,"group":{"id":"vcs.log.data","version":"5"},"event":{"state":true,"data":{"system_event_id":594,"project":"87ba50885b0315e4093d2bbbdd54e22f5326c3fb787b718f3dc8066ba9fdfb35","created":1747806139235},"id":"invoked"}}
{"recorder_version":"75","session":"25052105-58e0b56eb975","build":"233.11799.241","bucket":"250","time":1747806139232,"group":{"id":"vcs.log.ui","version":"3"},"event":{"state":true,"data":{"system_event_id":595,"project":"87ba50885b0315e4093d2bbbdd54e22f5326c3fb787b718f3dc8066ba9fdfb35","created":1747806139235},"id":"invoked"}}
{"recorder_version":"75","session":"25052105-58e0b56eb975","build":"233.11799.241","bucket":"250","time":1747806139232,"group":{"id":"vcs.settings","version":"6"},"event":{"state":true,"data":{"system_event_id":596,"project":"87ba50885b0315e4093d2bbbdd54e22f5326c3fb787b718f3dc8066ba9fdfb35","created":1747806139235},"id":"invoked"}}
{"recorder_version":"75","session":"25052105-58e0b56eb975","build":"233.11799.241","bucket":"250","time":1747806139234,"group":{"id":"actions.on.save","version":"1"},"event":{"state":true,"data":{"system_event_id":597,"project":"87ba50885b0315e4093d2bbbdd54e22f5326c3fb787b718f3dc8066ba9fdfb35","created":1747806139235},"id":"invoked"}}
{"recorder_version":"75","session":"25052105-58e0b56eb975","build":"233.11799.241","bucket":"250","time":1747806139257,"group":{"id":"vcs.configuration","version":"3"},"event":{"state":true,"data":{"system_event_id":598,"project":"87ba50885b0315e4093d2bbbdd54e22f5326c3fb787b718f3dc8066ba9fdfb35","created":1747806139259},"id":"invoked"}}
{"recorder_version":"75","session":"25052105-58e0b56eb975","build":"233.11799.241","bucket":"250","time":1747806139260,"group":{"id":"vcs.configuration","version":"3"},"event":{"state":true,"data":{"count":0,"system_event_id":599,"project":"87ba50885b0315e4093d2bbbdd54e22f5326c3fb787b718f3dc8066ba9fdfb35","created":1747806139260},"id":"ignored.files"}}
{"recorder_version":"75","session":"25052105-58e0b56eb975","build":"233.11799.241","bucket":"250","time":1747806139260,"group":{"id":"vcs.configuration","version":"3"},"event":{"state":true,"data":{"count":0,"system_event_id":600,"project":"87ba50885b0315e4093d2bbbdd54e22f5326c3fb787b718f3dc8066ba9fdfb35","created":1747806139260},"id":"unversioned.files"}}
{"recorder_version":"75","session":"25052105-58e0b56eb975","build":"233.11799.241","bucket":"250","time":1747806139260,"group":{"id":"vcs.configuration","version":"3"},"event":{"state":true,"data":{"count":0,"system_event_id":601,"project":"87ba50885b0315e4093d2bbbdd54e22f5326c3fb787b718f3dc8066ba9fdfb35","created":1747806139261},"id":"mapped.roots"}}
{"recorder_version":"75","session":"25052105-58e0b56eb975","build":"233.11799.241","bucket":"250","time":1747806139260,"group":{"id":"vcs.configuration","version":"3"},"event":{"state":true,"data":{"count":1,"system_event_id":602,"project":"87ba50885b0315e4093d2bbbdd54e22f5326c3fb787b718f3dc8066ba9fdfb35","created":1747806139261},"id":"changelists"}}
{"recorder_version":"75","session":"25052105-58e0b56eb975","build":"233.11799.241","bucket":"250","time":1747806139261,"group":{"id":"actions.on.save","version":"1"},"event":{"state":true,"data":{"system_event_id":603,"project":"87ba50885b0315e4093d2bbbdd54e22f5326c3fb787b718f3dc8066ba9fdfb35","enabled":false,"created":1747806139261},"id":"cleanup.code"}}
{"recorder_version":"75","session":"25052105-58e0b56eb975","build":"233.11799.241","bucket":"250","time":1747806139267,"group":{"id":"vcs.log.index.project","version":"4"},"event":{"state":true,"data":{"system_event_id":604,"project":"87ba50885b0315e4093d2bbbdd54e22f5326c3fb787b718f3dc8066ba9fdfb35","created":1747806139267},"id":"invoked"}}
{"recorder_version":"75","session":"25052105-58e0b56eb975","build":"233.11799.241","bucket":"250","time":1747806139267,"group":{"id":"actions.on.save","version":"1"},"event":{"state":true,"data":{"system_event_id":605,"project":"87ba50885b0315e4093d2bbbdd54e22f5326c3fb787b718f3dc8066ba9fdfb35","enabled":false,"created":1747806139267},"id":"reformat.code"}}
{"recorder_version":"75","session":"25052105-58e0b56eb975","build":"233.11799.241","bucket":"250","time":1747806139270,"group":{"id":"debugger.breakpoints","version":"4"},"event":{"state":true,"data":{"system_event_id":606,"project":"87ba50885b0315e4093d2bbbdd54e22f5326c3fb787b718f3dc8066ba9fdfb35","created":1747806139278},"id":"invoked"}}
{"recorder_version":"75","session":"25052105-58e0b56eb975","build":"233.11799.241","bucket":"250","time":1747806139318,"group":{"id":"debugger.breakpoints","version":"4"},"event":{"state":true,"data":{"count":0,"system_event_id":607,"project":"87ba50885b0315e4093d2bbbdd54e22f5326c3fb787b718f3dc8066ba9fdfb35","created":1747806139360},"id":"total"}}
{"recorder_version":"75","session":"25052105-58e0b56eb975","build":"233.11799.241","bucket":"250","time":1747806139319,"group":{"id":"actions.on.save","version":"1"},"event":{"state":true,"data":{"system_event_id":608,"project":"87ba50885b0315e4093d2bbbdd54e22f5326c3fb787b718f3dc8066ba9fdfb35","enabled":false,"created":1747806139383},"id":"rearrange.code"}}
{"recorder_version":"75","session":"25052105-58e0b56eb975","build":"233.11799.241","bucket":"250","time":1747806139319,"group":{"id":"debugger.breakpoints","version":"4"},"event":{"state":true,"data":{"count":0,"system_event_id":609,"project":"87ba50885b0315e4093d2bbbdd54e22f5326c3fb787b718f3dc8066ba9fdfb35","created":1747806139442},"id":"total.disabled"}}
{"recorder_version":"75","session":"25052105-58e0b56eb975","build":"233.11799.241","bucket":"250","time":1747806139319,"group":{"id":"build.tools","version":"4"},"event":{"state":true,"data":{"system_event_id":610,"project":"87ba50885b0315e4093d2bbbdd54e22f5326c3fb787b718f3dc8066ba9fdfb35","created":1747806139442},"id":"invoked"}}
{"recorder_version":"75","session":"25052105-58e0b56eb975","build":"233.11799.241","bucket":"250","time":1747806139351,"group":{"id":"actions.on.save","version":"1"},"event":{"state":true,"data":{"system_event_id":611,"project":"87ba50885b0315e4093d2bbbdd54e22f5326c3fb787b718f3dc8066ba9fdfb35","enabled":false,"created":1747806139442},"id":"optimize.imports"}}
{"recorder_version":"75","session":"25052105-58e0b56eb975","build":"233.11799.241","bucket":"250","time":1747806139351,"group":{"id":"spellchecker.settings.project","version":"2"},"event":{"state":true,"data":{"system_event_id":612,"project":"87ba50885b0315e4093d2bbbdd54e22f5326c3fb787b718f3dc8066ba9fdfb35","created":1747806139442},"id":"invoked"}}
{"recorder_version":"75","session":"25052105-58e0b56eb975","build":"233.11799.241","bucket":"250","time":1747806139352,"group":{"id":"build.gradle.state","version":"6"},"event":{"state":true,"data":{"system_event_id":613,"project":"87ba50885b0315e4093d2bbbdd54e22f5326c3fb787b718f3dc8066ba9fdfb35","created":1747806139442},"id":"invoked"}}
{"recorder_version":"75","session":"25052105-58e0b56eb975","build":"233.11799.241","bucket":"250","time":1747806139356,"group":{"id":"build.tools.state","version":"5"},"event":{"state":true,"data":{"system_event_id":614,"project":"87ba50885b0315e4093d2bbbdd54e22f5326c3fb787b718f3dc8066ba9fdfb35","created":1747806139442},"id":"invoked"}}
{"recorder_version":"75","session":"25052105-58e0b56eb975","build":"233.11799.241","bucket":"250","time":1747806139356,"group":{"id":"debugger.breakpoints","version":"4"},"event":{"state":true,"data":{"count":0,"system_event_id":615,"project":"87ba50885b0315e4093d2bbbdd54e22f5326c3fb787b718f3dc8066ba9fdfb35","created":1747806139442},"id":"total.non.suspending"}}
{"recorder_version":"75","session":"25052105-58e0b56eb975","build":"233.11799.241","bucket":"250","time":1747806139369,"group":{"id":"project.indexable.files","version":"3"},"event":{"state":true,"data":{"system_event_id":616,"project":"87ba50885b0315e4093d2bbbdd54e22f5326c3fb787b718f3dc8066ba9fdfb35","created":1747806139442},"id":"invoked"}}
{"recorder_version":"75","session":"25052105-58e0b56eb975","build":"233.11799.241","bucket":"250","time":1747806139378,"group":{"id":"space.state","version":"1"},"event":{"state":true,"data":{"system_event_id":617,"project":"87ba50885b0315e4093d2bbbdd54e22f5326c3fb787b718f3dc8066ba9fdfb35","created":1747806139442},"id":"invoked"}}
{"recorder_version":"75","session":"25052105-58e0b56eb975","build":"233.11799.241","bucket":"250","time":1747806139441,"group":{"id":"inlay.configuration","version":"26"},"event":{"state":true,"data":{"system_event_id":618,"project":"87ba50885b0315e4093d2bbbdd54e22f5326c3fb787b718f3dc8066ba9fdfb35","created":1747806139442},"id":"invoked"}}
{"recorder_version":"75","session":"25052105-58e0b56eb975","build":"233.11799.241","bucket":"250","time":1747806139484,"group":{"id":"spellchecker.settings.project","version":"2"},"event":{"state":true,"data":{"count":0,"system_event_id":619,"project":"87ba50885b0315e4093d2bbbdd54e22f5326c3fb787b718f3dc8066ba9fdfb35","created":1747806139488},"id":"custom.dict.count"}}
{"recorder_version":"75","session":"25052105-58e0b56eb975","build":"233.11799.241","bucket":"250","time":1747806139484,"group":{"id":"spellchecker.settings.project","version":"2"},"event":{"state":true,"data":{"system_event_id":620,"project":"87ba50885b0315e4093d2bbbdd54e22f5326c3fb787b718f3dc8066ba9fdfb35","value":true,"created":1747806139492},"id":"all.bundled.enabled"}}
{"recorder_version":"75","session":"25052105-58e0b56eb975","build":"233.11799.241","bucket":"250","time":1747806139484,"group":{"id":"spellchecker.settings.project","version":"2"},"event":{"state":true,"data":{"system_event_id":621,"project":"87ba50885b0315e4093d2bbbdd54e22f5326c3fb787b718f3dc8066ba9fdfb35","enabled":true,"created":1747806139492},"id":"use.single.dict.to.save"}}
{"recorder_version":"75","session":"25052105-58e0b56eb975","build":"233.11799.241","bucket":"250","time":1747806139484,"group":{"id":"spellchecker.settings.project","version":"2"},"event":{"state":true,"data":{"system_event_id":622,"project":"87ba50885b0315e4093d2bbbdd54e22f5326c3fb787b718f3dc8066ba9fdfb35","value":5,"created":1747806139494},"id":"max.spellchecker.suggestions"}}
{"recorder_version":"75","session":"25052105-58e0b56eb975","build":"233.11799.241","bucket":"250","time":1747806139484,"group":{"id":"spellchecker.settings.project","version":"2"},"event":{"state":true,"data":{"system_event_id":623,"project":"87ba50885b0315e4093d2bbbdd54e22f5326c3fb787b718f3dc8066ba9fdfb35","value":"application-level","created":1747806139494},"id":"default.dict.to.save"}}
{"recorder_version":"75","session":"25052105-58e0b56eb975","build":"233.11799.241","bucket":"250","time":1747806139484,"group":{"id":"inlay.configuration","version":"26"},"event":{"state":true,"data":{"enabled_globally":true,"system_event_id":624,"project":"87ba50885b0315e4093d2bbbdd54e22f5326c3fb787b718f3dc8066ba9fdfb35","created":1747806139494},"id":"global.inlays.settings"}}
{"recorder_version":"75","session":"25052105-58e0b56eb975","build":"233.11799.241","bucket":"250","time":1747806139484,"group":{"id":"project.indexable.files","version":"3"},"event":{"state":true,"data":{"count":65536,"system_event_id":625,"project":"87ba50885b0315e4093d2bbbdd54e22f5326c3fb787b718f3dc8066ba9fdfb35","created":1747806139494},"id":"all.indexable.files"}}
{"recorder_version":"75","session":"25052105-58e0b56eb975","build":"233.11799.241","bucket":"250","time":1747806139484,"group":{"id":"space.state","version":"1"},"event":{"state":true,"data":{"system_event_id":626,"project":"87ba50885b0315e4093d2bbbdd54e22f5326c3fb787b718f3dc8066ba9fdfb35","type":"HTTPS","created":1747806139494},"id":"git_clone_type"}}
{"recorder_version":"75","session":"25052105-58e0b56eb975","build":"233.11799.241","bucket":"250","time":1747806139484,"group":{"id":"project.indexable.files","version":"3"},"event":{"state":true,"data":{"count":8,"system_event_id":627,"project":"87ba50885b0315e4093d2bbbdd54e22f5326c3fb787b718f3dc8066ba9fdfb35","created":1747806139494},"id":"content.indexable.files"}}
{"recorder_version":"75","session":"25052105-58e0b56eb975","build":"233.11799.241","bucket":"250","time":1747806139484,"group":{"id":"space.state","version":"1"},"event":{"state":true,"data":{"login_status":"DISCONNECTED","system_event_id":628,"project":"87ba50885b0315e4093d2bbbdd54e22f5326c3fb787b718f3dc8066ba9fdfb35","created":1747806139494},"id":"login_status"}}
{"recorder_version":"75","session":"25052105-58e0b56eb975","build":"233.11799.241","bucket":"250","time":1747806139484,"group":{"id":"inlay.configuration","version":"26"},"event":{"state":true,"data":{"system_event_id":629,"project":"87ba50885b0315e4093d2bbbdd54e22f5326c3fb787b718f3dc8066ba9fdfb35","model":"parameter.hints.old","lang":"Groovy","enabled":true,"created":1747806139494},"id":"model.inlays.settings"}}
{"recorder_version":"75","session":"25052105-58e0b56eb975","build":"233.11799.241","bucket":"250","time":1747806139485,"group":{"id":"settings","version":"9"},"event":{"state":true,"data":{"component":"Git.Application.Settings","plugin_version":"233.11799.241","plugin":"Git4Idea","created":1747806139495,"plugin_type":"JB_BUNDLED","system_event_id":630,"id":106},"id":"invoked"}}
{"recorder_version":"75","session":"25052105-58e0b56eb975","build":"233.11799.241","bucket":"250","time":1747806139485,"group":{"id":"entry.points","version":"2"},"event":{"state":true,"data":{"system_event_id":631,"project":"87ba50885b0315e4093d2bbbdd54e22f5326c3fb787b718f3dc8066ba9fdfb35","created":1747806139495},"id":"invoked"}}
{"recorder_version":"75","session":"25052105-58e0b56eb975","build":"233.11799.241","bucket":"250","time":1747806139500,"group":{"id":"libraryUsage","version":"4"},"event":{"state":true,"data":{"system_event_id":632,"project":"87ba50885b0315e4093d2bbbdd54e22f5326c3fb787b718f3dc8066ba9fdfb35","created":1747806139512},"id":"invoked"}}
{"recorder_version":"75","session":"25052105-58e0b56eb975","build":"233.11799.241","bucket":"250","time":1747806139500,"group":{"id":"inlay.configuration","version":"26"},"event":{"state":true,"data":{"system_event_id":633,"project":"87ba50885b0315e4093d2bbbdd54e22f5326c3fb787b718f3dc8066ba9fdfb35","lang":"Groovy","enabled":true,"created":1747806139512},"id":"language.inlays.settings"}}
{"recorder_version":"75","session":"25052105-58e0b56eb975","build":"233.11799.241","bucket":"250","time":1747806139500,"group":{"id":"inlay.configuration","version":"26"},"event":{"state":true,"data":{"option_value":false,"created":1747806139550,"system_event_id":634,"project":"87ba50885b0315e4093d2bbbdd54e22f5326c3fb787b718f3dc8066ba9fdfb35","model":"parameter.hints.old","option_id":"java.method.name.contains.parameter.name","lang":"JAVA","enabled":true},"id":"model.options"}}
{"recorder_version":"75","session":"25052105-58e0b56eb975","build":"233.11799.241","bucket":"250","time":1747806139500,"group":{"id":"inlay.configuration","version":"26"},"event":{"state":true,"data":{"option_value":false,"created":1747806139550,"system_event_id":635,"project":"87ba50885b0315e4093d2bbbdd54e22f5326c3fb787b718f3dc8066ba9fdfb35","model":"parameter.hints.old","option_id":"java.multiple.params.same.type","lang":"JAVA","enabled":true},"id":"model.options"}}
{"recorder_version":"75","session":"25052105-58e0b56eb975","build":"233.11799.241","bucket":"250","time":1747806139500,"group":{"id":"inlay.configuration","version":"26"},"event":{"state":true,"data":{"option_value":false,"created":1747806139550,"system_event_id":636,"project":"87ba50885b0315e4093d2bbbdd54e22f5326c3fb787b718f3dc8066ba9fdfb35","model":"parameter.hints.old","option_id":"java.simple.sequentially.numbered","lang":"JAVA","enabled":true},"id":"model.options"}}
{"recorder_version":"75","session":"25052105-58e0b56eb975","build":"233.11799.241","bucket":"250","time":1747806139500,"group":{"id":"inlay.configuration","version":"26"},"event":{"state":true,"data":{"option_value":true,"created":1747806139550,"system_event_id":637,"project":"87ba50885b0315e4093d2bbbdd54e22f5326c3fb787b718f3dc8066ba9fdfb35","model":"parameter.hints.old","option_id":"java.enums","lang":"JAVA","enabled":true},"id":"model.options"}}
{"recorder_version":"75","session":"25052105-58e0b56eb975","build":"233.11799.241","bucket":"250","time":1747806139500,"group":{"id":"inlay.configuration","version":"26"},"event":{"state":true,"data":{"option_value":true,"created":1747806139550,"system_event_id":638,"project":"87ba50885b0315e4093d2bbbdd54e22f5326c3fb787b718f3dc8066ba9fdfb35","model":"parameter.hints.old","option_id":"java.new.expr","lang":"JAVA","enabled":true},"id":"model.options"}}
{"recorder_version":"75","session":"25052105-58e0b56eb975","build":"233.11799.241","bucket":"250","time":1747806139500,"group":{"id":"inlay.configuration","version":"26"},"event":{"state":true,"data":{"option_value":false,"created":1747806139551,"system_event_id":639,"project":"87ba50885b0315e4093d2bbbdd54e22f5326c3fb787b718f3dc8066ba9fdfb35","model":"parameter.hints.old","option_id":"java.clear.expression.type","lang":"JAVA","enabled":true},"id":"model.options"}}
{"recorder_version":"75","session":"25052105-58e0b56eb975","build":"233.11799.241","bucket":"250","time":1747806139500,"group":{"id":"inlay.configuration","version":"26"},"event":{"state":true,"data":{"system_event_id":640,"project":"87ba50885b0315e4093d2bbbdd54e22f5326c3fb787b718f3dc8066ba9fdfb35","model":"parameter.hints.old","lang":"JAVA","enabled":true,"created":1747806139582},"id":"model.inlays.settings"}}
{"recorder_version":"75","session":"25052105-58e0b56eb975","build":"233.11799.241","bucket":"250","time":1747806139500,"group":{"id":"inlay.configuration","version":"26"},"event":{"state":true,"data":{"system_event_id":641,"project":"87ba50885b0315e4093d2bbbdd54e22f5326c3fb787b718f3dc8066ba9fdfb35","lang":"JAVA","enabled":true,"created":1747806139582},"id":"language.inlays.settings"}}
{"recorder_version":"75","session":"25052105-58e0b56eb975","build":"233.11799.241","bucket":"250","time":1747806139500,"group":{"id":"inlay.configuration","version":"26"},"event":{"state":true,"data":{"system_event_id":642,"project":"87ba50885b0315e4093d2bbbdd54e22f5326c3fb787b718f3dc8066ba9fdfb35","model":"parameter.hints.old","lang":"kotlin","enabled":true,"created":1747806139582},"id":"model.inlays.settings"}}
{"recorder_version":"75","session":"25052105-58e0b56eb975","build":"233.11799.241","bucket":"250","time":1747806139500,"group":{"id":"inlay.configuration","version":"26"},"event":{"state":true,"data":{"system_event_id":643,"project":"87ba50885b0315e4093d2bbbdd54e22f5326c3fb787b718f3dc8066ba9fdfb35","lang":"kotlin","enabled":true,"created":1747806139582},"id":"language.inlays.settings"}}
{"recorder_version":"75","session":"25052105-58e0b56eb975","build":"233.11799.241","bucket":"250","time":1747806139500,"group":{"id":"inlay.configuration","version":"26"},"event":{"state":true,"data":{"option_value":true,"created":1747806139582,"system_event_id":644,"project":"87ba50885b0315e4093d2bbbdd54e22f5326c3fb787b718f3dc8066ba9fdfb35","model":"groovy.parameters.hints","option_id":"inferred.parameter.types","lang":"Groovy","enabled":true},"id":"model.options"}}
{"recorder_version":"75","session":"25052105-58e0b56eb975","build":"233.11799.241","bucket":"250","time":1747806139500,"group":{"id":"inlay.configuration","version":"26"},"event":{"state":true,"data":{"option_value":true,"created":1747806139582,"system_event_id":645,"project":"87ba50885b0315e4093d2bbbdd54e22f5326c3fb787b718f3dc8066ba9fdfb35","model":"groovy.parameters.hints","option_id":"type.parameter.list","lang":"Groovy","enabled":true},"id":"model.options"}}
{"recorder_version":"75","session":"25052105-58e0b56eb975","build":"233.11799.241","bucket":"250","time":1747806139500,"group":{"id":"inlay.configuration","version":"26"},"event":{"state":true,"data":{"system_event_id":646,"project":"87ba50885b0315e4093d2bbbdd54e22f5326c3fb787b718f3dc8066ba9fdfb35","model":"groovy.parameters.hints","lang":"Groovy","enabled":true,"created":1747806139633},"id":"model.inlays.settings"}}
{"recorder_version":"75","session":"25052105-58e0b56eb975","build":"233.11799.241","bucket":"250","time":1747806139500,"group":{"id":"inlay.configuration","version":"26"},"event":{"state":true,"data":{"system_event_id":647,"project":"87ba50885b0315e4093d2bbbdd54e22f5326c3fb787b718f3dc8066ba9fdfb35","model":"groovy.variable.type.hints","lang":"Groovy","enabled":true,"created":1747806139634},"id":"model.inlays.settings"}}
{"recorder_version":"75","session":"25052105-58e0b56eb975","build":"233.11799.241","bucket":"250","time":1747806139500,"group":{"id":"inlay.configuration","version":"26"},"event":{"state":true,"data":{"system_event_id":648,"project":"87ba50885b0315e4093d2bbbdd54e22f5326c3fb787b718f3dc8066ba9fdfb35","model":"groovy.implicit.null.argument.hint","lang":"Groovy","enabled":true,"created":1747806139634},"id":"model.inlays.settings"}}
{"recorder_version":"75","session":"25052105-58e0b56eb975","build":"233.11799.241","bucket":"250","time":1747806139500,"group":{"id":"inlay.configuration","version":"26"},"event":{"state":true,"data":{"system_event_id":649,"project":"87ba50885b0315e4093d2bbbdd54e22f5326c3fb787b718f3dc8066ba9fdfb35","model":"MarkdownTableInlayProviderSettingsKey","lang":"Markdown","enabled":true,"created":1747806139634},"id":"model.inlays.settings"}}
{"recorder_version":"75","session":"25052105-58e0b56eb975","build":"233.11799.241","bucket":"250","time":1747806139500,"group":{"id":"inlay.configuration","version":"26"},"event":{"state":true,"data":{"system_event_id":650,"project":"87ba50885b0315e4093d2bbbdd54e22f5326c3fb787b718f3dc8066ba9fdfb35","lang":"Markdown","enabled":true,"created":1747806139713},"id":"language.inlays.settings"}}
{"recorder_version":"75","session":"25052105-58e0b56eb975","build":"233.11799.241","bucket":"250","time":1747806139500,"group":{"id":"inlay.configuration","version":"26"},"event":{"state":true,"data":{"option_value":false,"created":1747806139713,"system_event_id":651,"project":"87ba50885b0315e4093d2bbbdd54e22f5326c3fb787b718f3dc8066ba9fdfb35","model":"kotlin.references.types.hints","option_id":"hints.type.property","lang":"kotlin","enabled":true},"id":"model.options"}}
{"recorder_version":"75","session":"25052105-58e0b56eb975","build":"233.11799.241","bucket":"250","time":1747806139500,"group":{"id":"inlay.configuration","version":"26"},"event":{"state":true,"data":{"option_value":false,"created":1747806139715,"system_event_id":652,"project":"87ba50885b0315e4093d2bbbdd54e22f5326c3fb787b718f3dc8066ba9fdfb35","model":"kotlin.references.types.hints","option_id":"hints.type.variable","lang":"kotlin","enabled":true},"id":"model.options"}}
{"recorder_version":"75","session":"25052105-58e0b56eb975","build":"233.11799.241","bucket":"250","time":1747806139500,"group":{"id":"inlay.configuration","version":"26"},"event":{"state":true,"data":{"option_value":false,"created":1747806139716,"system_event_id":653,"project":"87ba50885b0315e4093d2bbbdd54e22f5326c3fb787b718f3dc8066ba9fdfb35","model":"kotlin.references.types.hints","option_id":"hints.type.function.return","lang":"kotlin","enabled":true},"id":"model.options"}}
{"recorder_version":"75","session":"25052105-58e0b56eb975","build":"233.11799.241","bucket":"250","time":1747806139500,"group":{"id":"inlay.configuration","version":"26"},"event":{"state":true,"data":{"option_value":false,"created":1747806139717,"system_event_id":654,"project":"87ba50885b0315e4093d2bbbdd54e22f5326c3fb787b718f3dc8066ba9fdfb35","model":"kotlin.references.types.hints","option_id":"hints.type.function.parameter","lang":"kotlin","enabled":true},"id":"model.options"}}
{"recorder_version":"75","session":"25052105-58e0b56eb975","build":"233.11799.241","bucket":"250","time":1747806139500,"group":{"id":"inlay.configuration","version":"26"},"event":{"state":true,"data":{"system_event_id":655,"project":"87ba50885b0315e4093d2bbbdd54e22f5326c3fb787b718f3dc8066ba9fdfb35","model":"kotlin.references.types.hints","lang":"kotlin","enabled":true,"created":1747806139717},"id":"model.inlays.settings"}}
{"recorder_version":"75","session":"25052105-58e0b56eb975","build":"233.11799.241","bucket":"250","time":1747806139500,"group":{"id":"inlay.configuration","version":"26"},"event":{"state":true,"data":{"option_value":true,"created":1747806139718,"system_event_id":656,"project":"87ba50885b0315e4093d2bbbdd54e22f5326c3fb787b718f3dc8066ba9fdfb35","model":"kotlin.lambdas.hints","option_id":"hints.lambda.return","lang":"kotlin","enabled":true},"id":"model.options"}}
{"recorder_version":"75","session":"25052105-58e0b56eb975","build":"233.11799.241","bucket":"250","time":1747806139500,"group":{"id":"inlay.configuration","version":"26"},"event":{"state":true,"data":{"option_value":true,"created":1747806139719,"system_event_id":657,"project":"87ba50885b0315e4093d2bbbdd54e22f5326c3fb787b718f3dc8066ba9fdfb35","model":"kotlin.lambdas.hints","option_id":"hints.lambda.receivers.parameters","lang":"kotlin","enabled":true},"id":"model.options"}}
{"recorder_version":"75","session":"25052105-58e0b56eb975","build":"233.11799.241","bucket":"250","time":1747806139500,"group":{"id":"inlay.configuration","version":"26"},"event":{"state":true,"data":{"system_event_id":658,"project":"87ba50885b0315e4093d2bbbdd54e22f5326c3fb787b718f3dc8066ba9fdfb35","model":"kotlin.lambdas.hints","lang":"kotlin","enabled":true,"created":1747806139719},"id":"model.inlays.settings"}}
{"recorder_version":"75","session":"25052105-58e0b56eb975","build":"233.11799.241","bucket":"250","time":1747806139500,"group":{"id":"inlay.configuration","version":"26"},"event":{"state":true,"data":{"system_event_id":659,"project":"87ba50885b0315e4093d2bbbdd54e22f5326c3fb787b718f3dc8066ba9fdfb35","model":"kotlin.call.chains.hints","lang":"kotlin","enabled":true,"created":1747806139719},"id":"model.inlays.settings"}}
{"recorder_version":"75","session":"25052105-58e0b56eb975","build":"233.11799.241","bucket":"250","time":1747806139500,"group":{"id":"inlay.configuration","version":"26"},"event":{"state":true,"data":{"option_value":true,"created":1747806139719,"system_event_id":660,"project":"87ba50885b0315e4093d2bbbdd54e22f5326c3fb787b718f3dc8066ba9fdfb35","model":"kotlin.values.hints","option_id":"kotlin.values.ranges","lang":"kotlin","enabled":true},"id":"model.options"}}
{"recorder_version":"75","session":"25052105-58e0b56eb975","build":"233.11799.241","bucket":"250","time":1747806139500,"group":{"id":"inlay.configuration","version":"26"},"event":{"state":true,"data":{"system_event_id":661,"project":"87ba50885b0315e4093d2bbbdd54e22f5326c3fb787b718f3dc8066ba9fdfb35","model":"kotlin.values.hints","lang":"kotlin","enabled":true,"created":1747806139719},"id":"model.inlays.settings"}}
{"recorder_version":"75","session":"25052105-58e0b56eb975","build":"233.11799.241","bucket":"250","time":1747806139500,"group":{"id":"inlay.configuration","version":"26"},"event":{"state":true,"data":{"option_value":false,"created":1747806139720,"system_event_id":662,"project":"87ba50885b0315e4093d2bbbdd54e22f5326c3fb787b718f3dc8066ba9fdfb35","model":"annotation.hints","option_id":"inferred.annotations","lang":"JAVA","enabled":true},"id":"model.options"}}
{"recorder_version":"75","session":"25052105-58e0b56eb975","build":"233.11799.241","bucket":"250","time":1747806139500,"group":{"id":"inlay.configuration","version":"26"},"event":{"state":true,"data":{"option_value":true,"created":1747806139720,"system_event_id":663,"project":"87ba50885b0315e4093d2bbbdd54e22f5326c3fb787b718f3dc8066ba9fdfb35","model":"annotation.hints","option_id":"external.annotations","lang":"JAVA","enabled":true},"id":"model.options"}}
{"recorder_version":"75","session":"25052105-58e0b56eb975","build":"233.11799.241","bucket":"250","time":1747806139500,"group":{"id":"inlay.configuration","version":"26"},"event":{"state":true,"data":{"system_event_id":664,"project":"87ba50885b0315e4093d2bbbdd54e22f5326c3fb787b718f3dc8066ba9fdfb35","model":"annotation.hints","lang":"JAVA","enabled":true,"created":1747806139720},"id":"model.inlays.settings"}}
{"recorder_version":"75","session":"25052105-58e0b56eb975","build":"233.11799.241","bucket":"250","time":1747806139500,"group":{"id":"inlay.configuration","version":"26"},"event":{"state":true,"data":{"system_event_id":665,"project":"87ba50885b0315e4093d2bbbdd54e22f5326c3fb787b718f3dc8066ba9fdfb35","model":"inheritors","lang":"","enabled":true,"created":1747806139720},"id":"model.inlays.settings"}}
{"recorder_version":"75","session":"25052105-58e0b56eb975","build":"233.11799.241","bucket":"250","time":1747806139500,"group":{"id":"inlay.configuration","version":"26"},"event":{"state":true,"data":{"system_event_id":666,"project":"87ba50885b0315e4093d2bbbdd54e22f5326c3fb787b718f3dc8066ba9fdfb35","model":"problems","lang":"","enabled":true,"created":1747806139720},"id":"model.inlays.settings"}}
{"recorder_version":"75","session":"25052105-58e0b56eb975","build":"233.11799.241","bucket":"250","time":1747806139500,"group":{"id":"inlay.configuration","version":"26"},"event":{"state":true,"data":{"system_event_id":667,"project":"87ba50885b0315e4093d2bbbdd54e22f5326c3fb787b718f3dc8066ba9fdfb35","model":"references","lang":"","enabled":true,"created":1747806139721},"id":"model.inlays.settings"}}
{"recorder_version":"75","session":"25052105-58e0b56eb975","build":"233.11799.241","bucket":"250","time":1747806139500,"group":{"id":"inlay.configuration","version":"26"},"event":{"state":true,"data":{"system_event_id":668,"project":"87ba50885b0315e4093d2bbbdd54e22f5326c3fb787b718f3dc8066ba9fdfb35","model":"vcs.code.vision","lang":"","enabled":true,"created":1747806139721},"id":"model.inlays.settings"}}
{"recorder_version":"75","session":"25052105-58e0b56eb975","build":"233.11799.241","bucket":"250","time":1747806139500,"group":{"id":"inlay.configuration","version":"26"},"event":{"state":true,"data":{"system_event_id":669,"project":"87ba50885b0315e4093d2bbbdd54e22f5326c3fb787b718f3dc8066ba9fdfb35","lang":"","enabled":true,"created":1747806139728},"id":"language.inlays.settings"}}
{"recorder_version":"75","session":"25052105-58e0b56eb975","build":"233.11799.241","bucket":"250","time":1747806139500,"group":{"id":"inlay.configuration","version":"26"},"event":{"state":true,"data":{"system_event_id":670,"project":"87ba50885b0315e4093d2bbbdd54e22f5326c3fb787b718f3dc8066ba9fdfb35","model":"validation.unmatched_rule","lang":"yaml","enabled":true,"created":1747806139728},"id":"model.inlays.settings"}}
{"recorder_version":"75","session":"25052105-58e0b56eb975","build":"233.11799.241","bucket":"250","time":1747806139500,"group":{"id":"inlay.configuration","version":"26"},"event":{"state":true,"data":{"system_event_id":671,"project":"87ba50885b0315e4093d2bbbdd54e22f5326c3fb787b718f3dc8066ba9fdfb35","lang":"yaml","enabled":true,"created":1747806139728},"id":"language.inlays.settings"}}
{"recorder_version":"75","session":"25052105-58e0b56eb975","build":"233.11799.241","bucket":"250","time":1747806139500,"group":{"id":"inlay.configuration","version":"26"},"event":{"state":true,"data":{"system_event_id":672,"project":"87ba50885b0315e4093d2bbbdd54e22f5326c3fb787b718f3dc8066ba9fdfb35","model":"java.implicit.types","lang":"JAVA","enabled":false,"created":1747806139728},"id":"model.inlays.settings"}}
{"recorder_version":"75","session":"25052105-58e0b56eb975","build":"233.11799.241","bucket":"250","time":1747806139500,"group":{"id":"inlay.configuration","version":"26"},"event":{"state":true,"data":{"system_event_id":673,"project":"87ba50885b0315e4093d2bbbdd54e22f5326c3fb787b718f3dc8066ba9fdfb35","model":"validation.unmatched_rule","lang":"JAVA","enabled":true,"created":1747806139728},"id":"model.inlays.settings"}}
{"recorder_version":"75","session":"25052105-58e0b56eb975","build":"233.11799.241","bucket":"250","time":1747806139500,"group":{"id":"tasks.state.collector","version":"1"},"event":{"state":true,"data":{"system_event_id":674,"project":"87ba50885b0315e4093d2bbbdd54e22f5326c3fb787b718f3dc8066ba9fdfb35","created":1747806139728},"id":"invoked"}}
{"recorder_version":"75","session":"25052105-58e0b56eb975","build":"233.11799.241","bucket":"250","time":1747806139512,"group":{"id":"java.language","version":"3"},"event":{"state":true,"data":{"system_event_id":675,"project":"87ba50885b0315e4093d2bbbdd54e22f5326c3fb787b718f3dc8066ba9fdfb35","created":1747806139728},"id":"invoked"}}
{"recorder_version":"75","session":"25052105-58e0b56eb975","build":"233.11799.241","bucket":"250","time":1747806139518,"group":{"id":"task.management.configuration","version":"1"},"event":{"state":true,"data":{"system_event_id":676,"project":"87ba50885b0315e4093d2bbbdd54e22f5326c3fb787b718f3dc8066ba9fdfb35","created":1747806139729},"id":"invoked"}}
{"recorder_version":"75","session":"25052105-58e0b56eb975","build":"233.11799.241","bucket":"250","time":1747806139546,"group":{"id":"java.language","version":"3"},"event":{"state":true,"data":{"wsl":false,"feature":17,"minor":0,"created":1747806139729,"system_event_id":677,"project":"87ba50885b0315e4093d2bbbdd54e22f5326c3fb787b718f3dc8066ba9fdfb35","update":15,"ea":false},"id":"MODULE_JDK_VERSION"}}
{"recorder_version":"75","session":"25052105-58e0b56eb975","build":"233.11799.241","bucket":"250","time":1747806139546,"group":{"id":"java.language","version":"3"},"event":{"state":true,"data":{"preview":false,"system_event_id":678,"project":"87ba50885b0315e4093d2bbbdd54e22f5326c3fb787b718f3dc8066ba9fdfb35","version":17,"created":1747806139729},"id":"MODULE_LANGUAGE_LEVEL"}}
{"recorder_version":"75","session":"25052105-58e0b56eb975","build":"233.11799.241","bucket":"250","time":1747806139640,"group":{"id":"java.compiler.settings.project","version":"2"},"event":{"state":true,"data":{"system_event_id":679,"project":"87ba50885b0315e4093d2bbbdd54e22f5326c3fb787b718f3dc8066ba9fdfb35","created":1747806139729},"id":"invoked"}}
{"recorder_version":"75","session":"25052105-58e0b56eb975","build":"233.11799.241","bucket":"250","time":1747806139694,"group":{"id":"kotlin.ide.formatter","version":"4"},"event":{"state":true,"data":{"system_event_id":680,"project":"87ba50885b0315e4093d2bbbdd54e22f5326c3fb787b718f3dc8066ba9fdfb35","created":1747806139729},"id":"invoked"}}
{"recorder_version":"75","session":"25052105-58e0b56eb975","build":"233.11799.241","bucket":"250","time":1747806139757,"group":{"id":"java.compiler.settings.project","version":"2"},"event":{"state":true,"data":{"system_event_id":681,"project":"87ba50885b0315e4093d2bbbdd54e22f5326c3fb787b718f3dc8066ba9fdfb35","enabled":true,"created":1747806139768},"id":"AUTO_SHOW_ERRORS_IN_EDITOR"}}
{"recorder_version":"75","session":"25052105-58e0b56eb975","build":"233.11799.241","bucket":"250","time":1747806139757,"group":{"id":"java.compiler.settings.project","version":"2"},"event":{"state":true,"data":{"system_event_id":682,"project":"87ba50885b0315e4093d2bbbdd54e22f5326c3fb787b718f3dc8066ba9fdfb35","enabled":true,"created":1747806139794},"id":"DISPLAY_NOTIFICATION_POPUP"}}
{"recorder_version":"75","session":"25052105-58e0b56eb975","build":"233.11799.241","bucket":"250","time":1747806139757,"group":{"id":"java.compiler.settings.project","version":"2"},"event":{"state":true,"data":{"system_event_id":683,"project":"87ba50885b0315e4093d2bbbdd54e22f5326c3fb787b718f3dc8066ba9fdfb35","enabled":true,"created":1747806139816},"id":"CLEAR_OUTPUT_DIRECTORY"}}
{"recorder_version":"75","session":"25052105-58e0b56eb975","build":"233.11799.241","bucket":"250","time":1747806139757,"group":{"id":"java.compiler.settings.project","version":"2"},"event":{"state":true,"data":{"system_event_id":684,"project":"87ba50885b0315e4093d2bbbdd54e22f5326c3fb787b718f3dc8066ba9fdfb35","enabled":false,"created":1747806139816},"id":"MAKE_PROJECT_ON_SAVE"}}
{"recorder_version":"75","session":"25052105-58e0b56eb975","build":"233.11799.241","bucket":"250","time":1747806139757,"group":{"id":"java.compiler.settings.project","version":"2"},"event":{"state":true,"data":{"system_event_id":685,"project":"87ba50885b0315e4093d2bbbdd54e22f5326c3fb787b718f3dc8066ba9fdfb35","enabled":false,"created":1747806139816},"id":"PARALLEL_COMPILATION"}}
{"recorder_version":"75","session":"25052105-58e0b56eb975","build":"233.11799.241","bucket":"250","time":1747806139757,"group":{"id":"java.compiler.settings.project","version":"2"},"event":{"state":true,"data":{"system_event_id":686,"project":"87ba50885b0315e4093d2bbbdd54e22f5326c3fb787b718f3dc8066ba9fdfb35","enabled":true,"created":1747806139816},"id":"REBUILD_ON_DEPENDENCY_CHANGE"}}
{"recorder_version":"75","session":"25052105-58e0b56eb975","build":"233.11799.241","bucket":"250","time":1747806139757,"group":{"id":"java.compiler.settings.project","version":"2"},"event":{"state":true,"data":{"system_event_id":687,"project":"87ba50885b0315e4093d2bbbdd54e22f5326c3fb787b718f3dc8066ba9fdfb35","enabled":true,"created":1747806139816},"id":"COMPILE_AFFECTED_UNLOADED_MODULES_BEFORE_COMMIT"}}
{"recorder_version":"75","session":"25052105-58e0b56eb975","build":"233.11799.241","bucket":"250","time":1747806139757,"group":{"id":"kotlin.project.configuration","version":"10"},"event":{"state":true,"data":{"system_event_id":688,"project":"87ba50885b0315e4093d2bbbdd54e22f5326c3fb787b718f3dc8066ba9fdfb35","created":1747806139816},"id":"invoked"}}
{"recorder_version":"75","session":"25052105-58e0b56eb975","build":"233.11799.241","bucket":"250","time":1747806139758,"group":{"id":"build.maven.state","version":"11"},"event":{"state":true,"data":{"system_event_id":689,"project":"87ba50885b0315e4093d2bbbdd54e22f5326c3fb787b718f3dc8066ba9fdfb35","created":1747806139816},"id":"invoked"}}
{"recorder_version":"75","session":"25052105-58e0b56eb975","build":"233.11799.241","bucket":"250","time":1747806139767,"group":{"id":"maven.plugins","version":"5"},"event":{"state":true,"data":{"system_event_id":690,"project":"87ba50885b0315e4093d2bbbdd54e22f5326c3fb787b718f3dc8066ba9fdfb35","created":1747806139816},"id":"invoked"}}
{"recorder_version":"75","session":"25052105-58e0b56eb975","build":"233.11799.241","bucket":"250","time":1747806139795,"group":{"id":"tasks.state.collector","version":"1"},"event":{"state":true,"data":{"system_event_id":691,"project":"87ba50885b0315e4093d2bbbdd54e22f5326c3fb787b718f3dc8066ba9fdfb35","visible":false,"created":1747806139816},"id":"combo_on_toolbar"}}
{"recorder_version":"75","session":"25052105-58e0b56eb975","build":"233.11799.241","bucket":"250","time":1747806139888,"group":{"id":"build.tools.state","version":"5"},"event":{"state":true,"data":{"system_event_id":692,"project":"87ba50885b0315e4093d2bbbdd54e22f5326c3fb787b718f3dc8066ba9fdfb35","value":"selective","created":1747806139981},"id":"autoReloadType"}}
{"recorder_version":"75","session":"25052105-58e0b56eb975","build":"233.11799.241","bucket":"250","time":1747806139888,"group":{"id":"build.tools.state","version":"5"},"event":{"state":true,"data":{"system_event_id":693,"project":"87ba50885b0315e4093d2bbbdd54e22f5326c3fb787b718f3dc8066ba9fdfb35","enabled":false,"created":1747806140036},"id":"has.shared.sources"}}
{"recorder_version":"75","session":"25052105-58e0b56eb975","build":"233.11799.241","bucket":"250","time":1747806139888,"group":{"id":"build.tools.state","version":"5"},"event":{"state":true,"data":{"count":0,"externalSystemId":"Gradle","system_event_id":694,"project":"87ba50885b0315e4093d2bbbdd54e22f5326c3fb787b718f3dc8066ba9fdfb35","created":1747806140115},"id":"numberOfLinkedProject"}}
{"recorder_version":"75","session":"25052105-58e0b56eb975","build":"233.11799.241","bucket":"250","time":1747806139888,"group":{"id":"entry.points","version":"2"},"event":{"state":true,"data":{"system_event_id":695,"project":"87ba50885b0315e4093d2bbbdd54e22f5326c3fb787b718f3dc8066ba9fdfb35","patterns_used":false,"created":1747806140227,"fqn_used":false},"id":"additional_annotations"}}
{"recorder_version":"75","session":"25052105-58e0b56eb975","build":"233.11799.241","bucket":"250","time":1747806139888,"group":{"id":"entry.points","version":"2"},"event":{"state":true,"data":{"system_event_id":696,"project":"87ba50885b0315e4093d2bbbdd54e22f5326c3fb787b718f3dc8066ba9fdfb35","used":false,"created":1747806140228},"id":"write_annotations"}}
{"recorder_version":"75","session":"25052105-58e0b56eb975","build":"233.11799.241","bucket":"250","time":1747806139888,"group":{"id":"entry.points","version":"2"},"event":{"state":true,"data":{"system_event_id":697,"project":"87ba50885b0315e4093d2bbbdd54e22f5326c3fb787b718f3dc8066ba9fdfb35","used":false,"created":1747806140228},"id":"class_patterns"}}
{"recorder_version":"75","session":"25052105-58e0b56eb975","build":"233.11799.241","bucket":"250","time":1747806139959,"group":{"id":"settings","version":"9"},"event":{"state":true,"data":{"component":"SvnFileUrlMappingImpl","plugin_version":"233.11799.241","plugin":"Subversion","created":1747806140228,"plugin_type":"JB_BUNDLED","system_event_id":698,"project":"87ba50885b0315e4093d2bbbdd54e22f5326c3fb787b718f3dc8066ba9fdfb35","id":107},"id":"invoked"}}
{"recorder_version":"75","session":"25052105-58e0b56eb975","build":"233.11799.241","bucket":"250","time":1747806139960,"group":{"id":"settings","version":"9"},"event":{"state":true,"data":{"plugin_type":"PLATFORM","system_event_id":699,"project":"87ba50885b0315e4093d2bbbdd54e22f5326c3fb787b718f3dc8066ba9fdfb35","component":"FormatOnSaveOptions","id":108,"created":1747806140228},"id":"invoked"}}
{"recorder_version":"75","session":"25052105-58e0b56eb975","build":"233.11799.241","bucket":"250","time":1747806139960,"group":{"id":"settings","version":"9"},"event":{"state":true,"data":{"plugin_type":"PLATFORM","system_event_id":700,"project":"87ba50885b0315e4093d2bbbdd54e22f5326c3fb787b718f3dc8066ba9fdfb35","component":"OptimizeOnSaveOptions","id":109,"created":1747806140228},"id":"invoked"}}
{"recorder_version":"75","session":"25052105-58e0b56eb975","build":"233.11799.241","bucket":"250","time":1747806140070,"group":{"id":"settings","version":"9"},"event":{"state":true,"data":{"plugin_type":"PLATFORM","system_event_id":701,"project":"87ba50885b0315e4093d2bbbdd54e22f5326c3fb787b718f3dc8066ba9fdfb35","component":"AutoImportSettings","id":110,"created":1747806140228},"id":"invoked"}}
{"recorder_version":"75","session":"25052105-58e0b56eb975","build":"233.11799.241","bucket":"250","time":1747806140143,"group":{"id":"settings","version":"9"},"event":{"state":true,"data":{"component":"QodanaHighlightedReportService","plugin_version":"233.11799.241","plugin":"org.intellij.qodana","created":1747806140228,"plugin_type":"JB_BUNDLED","system_event_id":702,"project":"87ba50885b0315e4093d2bbbdd54e22f5326c3fb787b718f3dc8066ba9fdfb35","id":111},"id":"invoked"}}
{"recorder_version":"75","session":"25052105-58e0b56eb975","build":"233.11799.241","bucket":"250","time":1747806140196,"group":{"id":"shared.indexes.project.state","version":"3"},"event":{"state":true,"data":{"system_event_id":703,"project":"87ba50885b0315e4093d2bbbdd54e22f5326c3fb787b718f3dc8066ba9fdfb35","created":1747806140228},"id":"invoked"}}
{"recorder_version":"75","session":"25052105-58e0b56eb975","build":"233.11799.241","bucket":"250","time":1747806140208,"group":{"id":"shared.indexes.project.state","version":"3"},"event":{"state":true,"data":{"system_event_id":704,"project":"87ba50885b0315e4093d2bbbdd54e22f5326c3fb787b718f3dc8066ba9fdfb35","kinds":["JDK"],"created":1747806140228},"id":"allowed.shared.indexes"}}
{"recorder_version":"75","session":"25052105-58e0b56eb975","build":"233.11799.241","bucket":"250","time":1747806140208,"group":{"id":"shared.indexes.project.state","version":"3"},"event":{"state":true,"data":{"system_event_id":705,"project":"87ba50885b0315e4093d2bbbdd54e22f5326c3fb787b718f3dc8066ba9fdfb35","kinds":["MVN"],"created":1747806140228},"id":"denied.shared.indexes"}}
{"recorder_version":"75","session":"25052105-58e0b56eb975","build":"233.11799.241","bucket":"250","time":1747806140208,"group":{"id":"shared.indexes.project.state","version":"3"},"event":{"state":true,"data":{"system_event_id":706,"project":"87ba50885b0315e4093d2bbbdd54e22f5326c3fb787b718f3dc8066ba9fdfb35","kinds":[],"created":1747806140228},"id":"no.decision.shared.indexes"}}
{"recorder_version":"75","session":"25052105-58e0b56eb975","build":"233.11799.241","bucket":"250","time":1747806140208,"group":{"id":"shared.indexes.project.state","version":"3"},"event":{"state":true,"data":{"system_event_id":707,"project":"87ba50885b0315e4093d2bbbdd54e22f5326c3fb787b718f3dc8066ba9fdfb35","value":false,"created":1747806140228},"id":"wait.shared.indexes"}}
{"recorder_version":"75","session":"25052105-58e0b56eb975","build":"233.11799.241","bucket":"250","time":1747806140208,"group":{"id":"shared.indexes.project.state","version":"3"},"event":{"state":true,"data":{"system_event_id":708,"project":"87ba50885b0315e4093d2bbbdd54e22f5326c3fb787b718f3dc8066ba9fdfb35","kinds":[],"created":1747806140229},"id":"attached.shared.indexes"}}
{"recorder_version":"75","session":"25052105-58e0b56eb975","build":"233.11799.241","bucket":"250","time":1747806140275,"group":{"id":"qodana.plugin.state","version":"3"},"event":{"state":true,"data":{"system_event_id":709,"project":"87ba50885b0315e4093d2bbbdd54e22f5326c3fb787b718f3dc8066ba9fdfb35","created":1747806140318},"id":"invoked"}}
{"recorder_version":"75","session":"25052105-58e0b56eb975","build":"233.11799.241","bucket":"250","time":1747806140275,"group":{"id":"qodana.plugin.state","version":"3"},"event":{"state":true,"data":{"missing":0,"system_event_id":710,"project":"87ba50885b0315e4093d2bbbdd54e22f5326c3fb787b718f3dc8066ba9fdfb35","total":0,"fixed":0,"created":1747806140319},"id":"problems.data.reported"}}
{"recorder_version":"75","session":"25052105-58e0b56eb975","build":"233.11799.241","bucket":"250","time":1747806140275,"group":{"id":"qodana.plugin.state","version":"3"},"event":{"state":true,"data":{"system_event_id":711,"project":"87ba50885b0315e4093d2bbbdd54e22f5326c3fb787b718f3dc8066ba9fdfb35","report_type":"NONE","highlighted_report_state":"NOT_SELECTED","created":1747806140319},"id":"highlighted_report_state"}}
{"recorder_version":"75","session":"25052105-58e0b56eb975","build":"233.11799.241","bucket":"250","time":1747806140275,"group":{"id":"qodana.plugin.state","version":"3"},"event":{"state":true,"data":{"system_event_id":712,"project":"87ba50885b0315e4093d2bbbdd54e22f5326c3fb787b718f3dc8066ba9fdfb35","language":[],"created":1747806140319},"id":"coverage.in.report.shown"}}
{"recorder_version":"75","session":"25052105-58e0b56eb975","build":"233.11799.241","bucket":"250","time":1747806140275,"group":{"id":"qodana.plugin.state","version":"3"},"event":{"state":true,"data":{"system_event_id":713,"project":"87ba50885b0315e4093d2bbbdd54e22f5326c3fb787b718f3dc8066ba9fdfb35","created":1747806140336,"user_state":"NOT_AUTHORIZED"},"id":"user_state"}}
{"recorder_version":"75","session":"25052105-58e0b56eb975","build":"233.11799.241","bucket":"250","time":1747806140275,"group":{"id":"qodana.plugin.state","version":"3"},"event":{"state":true,"data":{"system_event_id":714,"project":"87ba50885b0315e4093d2bbbdd54e22f5326c3fb787b718f3dc8066ba9fdfb35","is_link":false,"created":1747806140337},"id":"link_state"}}
{"recorder_version":"75","session":"25052105-58e0b56eb975","build":"233.11799.241","bucket":"250","time":1747806140289,"group":{"id":"settings","version":"9"},"event":{"state":true,"data":{"component":"QodanaCloudProjectLink","plugin_version":"233.11799.241","plugin":"org.intellij.qodana","created":1747806140337,"plugin_type":"JB_BUNDLED","system_event_id":715,"project":"87ba50885b0315e4093d2bbbdd54e22f5326c3fb787b718f3dc8066ba9fdfb35","id":113},"id":"invoked"}}
{"recorder_version":"75","session":"25052105-58e0b56eb975","build":"233.11799.241","bucket":"250","time":1747806140317,"group":{"id":"settings","version":"9"},"event":{"state":true,"data":{"component":"QodanaCloudUserState","plugin_version":"233.11799.241","plugin":"org.intellij.qodana","created":1747806140337,"plugin_type":"JB_BUNDLED","system_event_id":716,"id":112},"id":"invoked"}}
{"recorder_version":"75","session":"25052105-58e0b56eb975","build":"233.11799.241","bucket":"250","time":1747806140399,"group":{"id":"javaLibraryJars","version":"4"},"event":{"state":true,"data":{"system_event_id":717,"project":"87ba50885b0315e4093d2bbbdd54e22f5326c3fb787b718f3dc8066ba9fdfb35","created":1747806140422},"id":"invoked"}}
{"recorder_version":"75","session":"25052105-58e0b56eb975","build":"233.11799.241","bucket":"250","time":1747806140848,"group":{"id":"git.configuration","version":"15"},"event":{"state":true,"data":{"system_event_id":718,"project":"87ba50885b0315e4093d2bbbdd54e22f5326c3fb787b718f3dc8066ba9fdfb35","created":1747806140852},"id":"invoked"}}
{"recorder_version":"75","session":"25052105-58e0b56eb975","build":"233.11799.241","bucket":"250","time":1747806140852,"group":{"id":"git.configuration","version":"15"},"event":{"state":true,"data":{"system_event_id":719,"project":"87ba50885b0315e4093d2bbbdd54e22f5326c3fb787b718f3dc8066ba9fdfb35","type":"UNIX","version":"2.39","created":1747806140853},"id":"executable"}}
{"recorder_version":"75","session":"25052105-58e0b56eb975","build":"233.11799.241","bucket":"250","time":1747806140868,"group":{"id":"settings","version":"9"},"event":{"state":true,"data":{"component":"KotlinCodeInsightSettings","plugin_version":"233.11799.241-IJ","plugin":"org.jetbrains.kotlin","created":1747806140868,"plugin_type":"JB_BUNDLED","system_event_id":720,"id":114},"id":"invoked"}}
{"recorder_version":"75","session":"25052105-58e0b56eb975","build":"233.11799.241","bucket":"250","time":1747806140868,"group":{"id":"kotlin.ide.settings","version":"4"},"event":{"state":true,"data":{"system_event_id":721,"project":"87ba50885b0315e4093d2bbbdd54e22f5326c3fb787b718f3dc8066ba9fdfb35","created":1747806140869},"id":"invoked"}}
{"recorder_version":"75","session":"25052105-58e0b56eb975","build":"233.11799.241","bucket":"250","time":1747806140869,"group":{"id":"settings","version":"9"},"event":{"state":true,"data":{"component":"KotlinCodeInsightWorkspaceSettings","plugin_version":"233.11799.241-IJ","plugin":"org.jetbrains.kotlin","created":1747806140869,"plugin_type":"JB_BUNDLED","system_event_id":722,"project":"87ba50885b0315e4093d2bbbdd54e22f5326c3fb787b718f3dc8066ba9fdfb35","id":115},"id":"invoked"}}
{"recorder_version":"75","session":"25052105-58e0b56eb975","build":"233.11799.241","bucket":"250","time":1747806140869,"group":{"id":"kotlin.ide.settings","version":"4"},"event":{"state":true,"data":{"plugin_version":"233.11799.241-IJ","plugin":"org.jetbrains.kotlin","created":1747806140869,"definition_name":"validation.unmatched_rule","plugin_type":"JB_BUNDLED","system_event_id":723,"project":"87ba50885b0315e4093d2bbbdd54e22f5326c3fb787b718f3dc8066ba9fdfb35","enabled":false},"id":"scriptingAutoReloadEnabled"}}
